<?xml version="1.0" encoding="UTF-8"?>
<testsuite name="com.amazon.ata.recursion.prework.RecursiveCountDownTest" tests="2" skipped="0" failures="0" errors="0" timestamp="2022-12-13T06:37:07" hostname="MININT-EMQS73E" time="0.055">
  <properties/>
  <testcase name="countDown0_recursiveCountDown_returnsExpected()" classname="com.amazon.ata.recursion.prework.RecursiveCountDownTest" time="0.052"/>
  <testcase name="countDown12_recursiveCountDown_returnsExpected()" classname="com.amazon.ata.recursion.prework.RecursiveCountDownTest" time="0.002"/>
  <system-out><![CDATA[]]></system-out>
  <system-err><![CDATA[]]></system-err>
</testsuite>
